This is pdfTeX, Version 3.1415926-2.5-1.40.14 (MiKTeX 2.9 64-bit) (preloaded format=pdflatex 2015.1.26)  30 MAY 2015 23:15
entering extended mode
**literature.tex
(C:\Users\EmilSebastian\git\bachelor-repport\literature.tex
LaTeX2e <2011/06/27>
Babel <v3.8m> and hyphenation patterns for english, afrikaans, ancientgreek, ar
abic, armenian, assamese, basque, bengali, bokmal, bulgarian, catalan, coptic, 
croatian, czech, danish, dutch, esperanto, estonian, farsi, finnish, french, ga
lician, german, german-x-2013-05-26, greek, gujarati, hindi, hungarian, iceland
ic, indonesian, interlingua, irish, italian, kannada, kurmanji, latin, latvian,
 lithuanian, malayalam, marathi, mongolian, mongolianlmc, monogreek, ngerman, n
german-x-2013-05-26, nynorsk, oriya, panjabi, pinyin, polish, portuguese, roman
ian, russian, sanskrit, serbian, slovak, slovenian, spanish, swedish, swissgerm
an, tamil, telugu, turkish, turkmen, ukenglish, ukrainian, uppersorbian, usengl
ishmax, welsh, loaded.

! LaTeX Error: Missing \begin{document}.

See the LaTeX manual or LaTeX Companion for explanation.
Type  H <return>  for immediate help.
 ...                                              
                                                  
l.1 s
     ujdnasd\cite{Benchmarking1}
You're in trouble here.  Try typing  <return>  to proceed.
If that doesn't work, type  X <return>  to quit.

Missing character: There is no s in font nullfont!
Missing character: There is no u in font nullfont!
Missing character: There is no j in font nullfont!
Missing character: There is no d in font nullfont!
Missing character: There is no n in font nullfont!
Missing character: There is no a in font nullfont!
Missing character: There is no s in font nullfont!
Missing character: There is no d in font nullfont!
Missing character: There is no [ in font nullfont!
\citation{Benchmarking1}
! Undefined control sequence.
<write> ...: Citation `\@citeb ' on page \thepage 
                                                  \space undefined\on@line .
l.1 sujdnasd\cite{Benchmarking1}
                                
The control sequence at the end of the top line
of your error message was never \def'ed. If you have
misspelled it (e.g., `\hobx'), type `I' and the correct
spelling (e.g., `I\hbox'). Otherwise just continue,
and I'll forget about whatever was undefined.


LaTeX Warning: Citation `Benchmarking1' on page  undefined on input line 1.

Missing character: There is no ] in font nullfont!

! LaTeX Error: Environment thebibliography undefined.

See the LaTeX manual or LaTeX Companion for explanation.
Type  H <return>  for immediate help.
 ...                                              
                                                  
l.2 \begin{thebibliography}
                           {100}
Your command was ignored.
Type  I <command> <return>  to replace it with another command,
or  <return>  to continue without it.

Missing character: There is no 1 in font nullfont!
Missing character: There is no 0 in font nullfont!
Missing character: There is no 0 in font nullfont!

Overfull \hbox (25.43053pt too wide) in paragraph at lines 1--3
[][] 
 []


! LaTeX Error: Lonely \item--perhaps a missing list environment.

See the LaTeX manual or LaTeX Companion for explanation.
Type  H <return>  for immediate help.
 ...                                              
                                                  
l.3 \bibitem[1]{Benchmarking1}
                              Christian Beckel,Leyna Sadamori and Silvia San...

Try typing  <return>  to proceed.
If that doesn't work, type  X <return>  to quit.

\bibcite{Benchmarking1}{1}
Missing character: There is no C in font nullfont!
Missing character: There is no h in font nullfont!
Missing character: There is no r in font nullfont!
Missing character: There is no i in font nullfont!
Missing character: There is no s in font nullfont!
Missing character: There is no t in font nullfont!
Missing character: There is no i in font nullfont!
Missing character: There is no a in font nullfont!
Missing character: There is no n in font nullfont!
Missing character: There is no B in font nullfont!
Missing character: There is no e in font nullfont!
Missing character: There is no c in font nullfont!
Missing character: There is no k in font nullfont!
Missing character: There is no e in font nullfont!
Missing character: There is no l in font nullfont!
Missing character: There is no , in font nullfont!
Missing character: There is no L in font nullfont!
Missing character: There is no e in font nullfont!
Missing character: There is no y in font nullfont!
Missing character: There is no n in font nullfont!
Missing character: There is no a in font nullfont!
Missing character: There is no S in font nullfont!
Missing character: There is no a in font nullfont!
Missing character: There is no d in font nullfont!
Missing character: There is no a in font nullfont!
Missing character: There is no m in font nullfont!
Missing character: There is no o in font nullfont!
Missing character: There is no r in font nullfont!
Missing character: There is no i in font nullfont!
Missing character: There is no a in font nullfont!
Missing character: There is no n in font nullfont!
Missing character: There is no d in font nullfont!
Missing character: There is no S in font nullfont!
Missing character: There is no i in font nullfont!
Missing character: There is no l in font nullfont!
Missing character: There is no v in font nullfont!
Missing character: There is no i in font nullfont!
Missing character: There is no a in font nullfont!
Missing character: There is no S in font nullfont!
Missing character: There is no a in font nullfont!
Missing character: There is no n in font nullfont!
Missing character: There is no t in font nullfont!
Missing character: There is no i in font nullfont!
Missing character: There is no n in font nullfont!
Missing character: There is no i in font nullfont!
Missing character: There is no , in font nullfont!
Missing character: There is no , in font nullfont!
Missing character: There is no B in font nullfont!
Missing character: There is no u in font nullfont!
Missing character: There is no i in font nullfont!
Missing character: There is no l in font nullfont!
Missing character: There is no d in font nullfont!
Missing character: There is no s in font nullfont!
Missing character: There is no y in font nullfont!
Missing character: There is no s in font nullfont!
Missing character: There is no â in font nullfont!
Missing character: There is no € in font nullfont!
Missing character: There is no ™ in font nullfont!
Missing character: There is no 1 in font nullfont!
Missing character: There is no 2 in font nullfont!
Missing character: There is no , in font nullfont!
Missing character: There is no N in font nullfont!
Missing character: There is no o in font nullfont!
Missing character: There is no v in font nullfont!
Missing character: There is no e in font nullfont!
Missing character: There is no m in font nullfont!
Missing character: There is no b in font nullfont!
Missing character: There is no e in font nullfont!
Missing character: There is no r in font nullfont!
Missing character: There is no 6 in font nullfont!
Missing character: There is no , in font nullfont!
Missing character: There is no 2 in font nullfont!
Missing character: There is no 0 in font nullfont!
Missing character: There is no 1 in font nullfont!
Missing character: There is no 2 in font nullfont!
Missing character: There is no , in font nullfont!
Missing character: There is no T in font nullfont!
Missing character: There is no o in font nullfont!
Missing character: There is no r in font nullfont!
Missing character: There is no o in font nullfont!
Missing character: There is no n in font nullfont!
Missing character: There is no t in font nullfont!
Missing character: There is no o in font nullfont!
Missing character: There is no . in font nullfont!

Overfull \hbox (15.07767pt too wide) in paragraph at lines 3--4
\OT1/cmr/m/it/10 To-
 []


Overfull \hbox (24.66095pt too wide) in paragraph at lines 3--4
\OT1/cmr/m/it/10 wards
 []


Overfull \hbox (16.1221pt too wide) in paragraph at lines 3--4
\OT1/cmr/m/it/10 Au-
 []


Overfull \hbox (12.01102pt too wide) in paragraph at lines 3--4
\OT1/cmr/m/it/10 to-
 []


Overfull \hbox (24.27762pt too wide) in paragraph at lines 3--4
\OT1/cmr/m/it/10 matic
 []


Overfull \hbox (22.48874pt too wide) in paragraph at lines 3--4
\OT1/cmr/m/it/10 Clas-
 []


Overfull \hbox (10.73326pt too wide) in paragraph at lines 3--4
\OT1/cmr/m/it/10 si-
 []


Overfull \hbox (9.19994pt too wide) in paragraph at lines 3--4
\OT1/cmr/m/it/10 fi-
 []


Overfull \hbox (12.77766pt too wide) in paragraph at lines 3--4
\OT1/cmr/m/it/10 ca-
 []


Overfull \hbox (17.12212pt too wide) in paragraph at lines 3--4
\OT1/cmr/m/it/10 tion
 []


Overfull \hbox (8.17773pt too wide) in paragraph at lines 3--4
\OT1/cmr/m/it/10 of
 []


Overfull \hbox (17.64432pt too wide) in paragraph at lines 3--4
\OT1/cmr/m/it/10 Pri-
 []


Overfull \hbox (17.6332pt too wide) in paragraph at lines 3--4
\OT1/cmr/m/it/10 vate
 []


Overfull \hbox (30.17758pt too wide) in paragraph at lines 3--4
\OT1/cmr/m/it/10 House-
 []


Overfull \hbox (21.97766pt too wide) in paragraph at lines 3--4
\OT1/cmr/m/it/10 holds
 []


Overfull \hbox (3.57774pt too wide) in paragraph at lines 3--4
\OT1/cmr/m/it/10 -
 []


Overfull \hbox (24.81096pt too wide) in paragraph at lines 3--4
\OT1/cmr/m/it/10 Using
 []


Overfull \hbox (21.60538pt too wide) in paragraph at lines 3--4
\OT1/cmr/m/it/10 Elec-
 []


Overfull \hbox (18.78317pt too wide) in paragraph at lines 3--4
\OT1/cmr/m/it/10 tric-
 []


Overfull \hbox (11.24435pt too wide) in paragraph at lines 3--4
\OT1/cmr/m/it/10 ity
 []


Overfull \hbox (21.46652pt too wide) in paragraph at lines 3--4
\OT1/cmr/m/it/10 Con-
 []


Overfull \hbox (26.32207pt too wide) in paragraph at lines 3--4
\OT1/cmr/m/it/10 sump-
 []


Overfull \hbox (17.12212pt too wide) in paragraph at lines 3--4
\OT1/cmr/m/it/10 tion
 []


Overfull \hbox (21.0943pt too wide) in paragraph at lines 3--4
\OT1/cmr/m/it/10 Data
 []


! LaTeX Error: Lonely \item--perhaps a missing list environment.

See the LaTeX manual or LaTeX Companion for explanation.
Type  H <return>  for immediate help.
 ...                                              
                                                  
l.4 \bibitem[2]{faultdetec1}
                             Joern Ploennigs, Bei Chen, Anika Schumann and N...

Try typing  <return>  to proceed.
If that doesn't work, type  X <return>  to quit.

\bibcite{faultdetec1}{2}
Missing character: There is no J in font nullfont!
Missing character: There is no o in font nullfont!
Missing character: There is no e in font nullfont!
Missing character: There is no r in font nullfont!
Missing character: There is no n in font nullfont!
Missing character: There is no P in font nullfont!
Missing character: There is no l in font nullfont!
Missing character: There is no o in font nullfont!
Missing character: There is no e in font nullfont!
Missing character: There is no n in font nullfont!
Missing character: There is no n in font nullfont!
Missing character: There is no i in font nullfont!
Missing character: There is no g in font nullfont!
Missing character: There is no s in font nullfont!
Missing character: There is no , in font nullfont!
Missing character: There is no B in font nullfont!
Missing character: There is no e in font nullfont!
Missing character: There is no i in font nullfont!
Missing character: There is no C in font nullfont!
Missing character: There is no h in font nullfont!
Missing character: There is no e in font nullfont!
Missing character: There is no n in font nullfont!
Missing character: There is no , in font nullfont!
Missing character: There is no A in font nullfont!
Missing character: There is no n in font nullfont!
Missing character: There is no i in font nullfont!
Missing character: There is no k in font nullfont!
Missing character: There is no a in font nullfont!
Missing character: There is no S in font nullfont!
Missing character: There is no c in font nullfont!
Missing character: There is no h in font nullfont!
Missing character: There is no u in font nullfont!
Missing character: There is no m in font nullfont!
Missing character: There is no a in font nullfont!
Missing character: There is no n in font nullfont!
Missing character: There is no n in font nullfont!
Missing character: There is no a in font nullfont!
Missing character: There is no n in font nullfont!
Missing character: There is no d in font nullfont!
Missing character: There is no N in font nullfont!
Missing character: There is no i in font nullfont!
Missing character: There is no a in font nullfont!
Missing character: There is no l in font nullfont!
Missing character: There is no l in font nullfont!
Missing character: There is no B in font nullfont!
Missing character: There is no r in font nullfont!
Missing character: There is no a in font nullfont!
Missing character: There is no d in font nullfont!
Missing character: There is no y in font nullfont!
Missing character: There is no , in font nullfont!
Missing character: There is no , in font nullfont!
Missing character: There is no B in font nullfont!
Missing character: There is no u in font nullfont!
Missing character: There is no i in font nullfont!
Missing character: There is no l in font nullfont!
Missing character: There is no d in font nullfont!
Missing character: There is no s in font nullfont!
Missing character: There is no y in font nullfont!
Missing character: There is no s in font nullfont!
Missing character: There is no â in font nullfont!
Missing character: There is no € in font nullfont!
Missing character: There is no ™ in font nullfont!
Missing character: There is no 1 in font nullfont!
Missing character: There is no 3 in font nullfont!
Missing character: There is no , in font nullfont!
Missing character: There is no N in font nullfont!
Missing character: There is no o in font nullfont!
Missing character: There is no v in font nullfont!
Missing character: There is no e in font nullfont!
Missing character: There is no m in font nullfont!
Missing character: There is no b in font nullfont!
Missing character: There is no e in font nullfont!
Missing character: There is no r in font nullfont!
Missing character: There is no 1 in font nullfont!
Missing character: There is no 3 in font nullfont!
Missing character: There is no - in font nullfont!
Missing character: There is no 1 in font nullfont!
Missing character: There is no 4 in font nullfont!
Missing character: There is no - in font nullfont!
Missing character: There is no 2 in font nullfont!
Missing character: There is no 0 in font nullfont!
Missing character: There is no 1 in font nullfont!
Missing character: There is no 3 in font nullfont!
Missing character: There is no , in font nullfont!
Missing character: There is no R in font nullfont!
Missing character: There is no o in font nullfont!
Missing character: There is no m in font nullfont!
Missing character: There is no a in font nullfont!
Missing character: There is no , in font nullfont!
Missing character: There is no I in font nullfont!
Missing character: There is no t in font nullfont!
Missing character: There is no a in font nullfont!
Missing character: There is no l in font nullfont!
Missing character: There is no y in font nullfont!
Missing character: There is no . in font nullfont!

Overfull \hbox (14.99991pt too wide) in paragraph at lines 4--5
\OT1/cmr/m/it/10 Ex-
 []


Overfull \hbox (22.7443pt too wide) in paragraph at lines 4--5
\OT1/cmr/m/it/10 ploit-
 []


Overfull \hbox (13.2888pt too wide) in paragraph at lines 4--5
\OT1/cmr/m/it/10 ing
 []


Overfull \hbox (21.53596pt too wide) in paragraph at lines 4--5
\OT1/cmr/m/it/10 Gen-
 []


Overfull \hbox (12.39433pt too wide) in paragraph at lines 4--5
\OT1/cmr/m/it/10 er-
 []


Overfull \hbox (11.24437pt too wide) in paragraph at lines 4--5
\OT1/cmr/m/it/10 al-
 []


Overfull \hbox (16.35544pt too wide) in paragraph at lines 4--5
\OT1/cmr/m/it/10 ized
 []


Overfull \hbox (15.611pt too wide) in paragraph at lines 4--5
\OT1/cmr/m/it/10 Ad-
 []


Overfull \hbox (11.75548pt too wide) in paragraph at lines 4--5
\OT1/cmr/m/it/10 di-
 []


Overfull \hbox (15.58876pt too wide) in paragraph at lines 4--5
\OT1/cmr/m/it/10 tive
 []


Overfull \hbox (22.2554pt too wide) in paragraph at lines 4--5
\OT1/cmr/m/it/10 Mod-
 []


Overfull \hbox (11.24437pt too wide) in paragraph at lines 4--5
\OT1/cmr/m/it/10 els
 []


Overfull \hbox (12.39436pt too wide) in paragraph at lines 4--5
\OT1/cmr/m/it/10 for
 []


Overfull \hbox (14.19434pt too wide) in paragraph at lines 4--5
\OT1/cmr/m/it/10 Di-
 []


Overfull \hbox (13.28879pt too wide) in paragraph at lines 4--5
\OT1/cmr/m/it/10 ag-
 []


Overfull \hbox (18.39989pt too wide) in paragraph at lines 4--5
\OT1/cmr/m/it/10 nos-
 []


Overfull \hbox (13.2888pt too wide) in paragraph at lines 4--5
\OT1/cmr/m/it/10 ing
 []


Overfull \hbox (15.35542pt too wide) in paragraph at lines 4--5
\OT1/cmr/m/it/10 Ab-
 []


Overfull \hbox (18.52765pt too wide) in paragraph at lines 4--5
\OT1/cmr/m/it/10 nor-
 []


Overfull \hbox (15.84436pt too wide) in paragraph at lines 4--5
\OT1/cmr/m/it/10 mal
 []


Overfull \hbox (15.98323pt too wide) in paragraph at lines 4--5
\OT1/cmr/m/it/10 En-
 []


Overfull \hbox (17.76094pt too wide) in paragraph at lines 4--5
\OT1/cmr/m/it/10 ergy
 []


Overfull \hbox (16.12212pt too wide) in paragraph at lines 4--5
\OT1/cmr/m/it/10 Use
 []


Overfull \hbox (8.68884pt too wide) in paragraph at lines 4--5
\OT1/cmr/m/it/10 in
 []


Overfull \hbox (26.7165pt too wide) in paragraph at lines 4--5
\OT1/cmr/m/it/10 Build-
 []


Overfull \hbox (17.37767pt too wide) in paragraph at lines 4--5
\OT1/cmr/m/it/10 ings
 []


! LaTeX Error: Lonely \item--perhaps a missing list environment.

See the LaTeX manual or LaTeX Companion for explanation.
Type  H <return>  for immediate help.
 ...                                              
                                                  
l.6 \bibitem[3]{faultdetec2}
                            
Try typing  <return>  to proceed.
If that doesn't work, type  X <return>  to quit.

\bibcite{faultdetec2}{3}

! LaTeX Error: Lonely \item--perhaps a missing list environment.

See the LaTeX manual or LaTeX Companion for explanation.
Type  H <return>  for immediate help.
 ...                                              
                                                  
l.7 \bibitem[4]{faultdetec3}
                            
Try typing  <return>  to proceed.
If that doesn't work, type  X <return>  to quit.

\bibcite{faultdetec3}{4}

! LaTeX Error: Lonely \item--perhaps a missing list environment.

See the LaTeX manual or LaTeX Companion for explanation.
Type  H <return>  for immediate help.
 ...                                              
                                                  
l.8 \bibitem[5]{faultdetec4}
                            
Try typing  <return>  to proceed.
If that doesn't work, type  X <return>  to quit.

\bibcite{faultdetec4}{5}

! LaTeX Error: Lonely \item--perhaps a missing list environment.

See the LaTeX manual or LaTeX Companion for explanation.
Type  H <return>  for immediate help.
 ...                                              
                                                  
l.9 \bibitem[6]{faultdetec1}
                            
Try typing  <return>  to proceed.
If that doesn't work, type  X <return>  to quit.

\bibcite{faultdetec1}{6}

! LaTeX Error: Lonely \item--perhaps a missing list environment.

See the LaTeX manual or LaTeX Companion for explanation.
Type  H <return>  for immediate help.
 ...                                              
                                                  
l.10 \bibitem[7]{Benchmarking2}
                               
Try typing  <return>  to proceed.
If that doesn't work, type  X <return>  to quit.

\bibcite{Benchmarking2}{7}

! LaTeX Error: \begin{document} ended by \end{thebibliography}.

See the LaTeX manual or LaTeX Companion for explanation.
Type  H <return>  for immediate help.
 ...                                              
                                                  
l.12 \end{thebibliography}
                          
Your command was ignored.
Type  I <command> <return>  to replace it with another command,
or  <return>  to continue without it.

)
! Emergency stop.
<*> literature.tex
                  
*** (job aborted, no legal \end found)

 
Here is how much of TeX's memory you used:
 15 strings out of 493921
 328 string characters out of 3154476
 51031 words of memory out of 3000000
 3406 multiletter control sequences out of 15000+200000
 4294 words of font info for 16 fonts, out of 3000000 for 9000
 841 hyphenation exceptions out of 8191
 20i,2n,26p,260b,92s stack positions out of 5000i,500n,10000p,200000b,50000s
!  ==> Fatal error occurred, no output PDF file produced!
