This is pdfTeX, Version 3.1415926-2.5-1.40.14 (MiKTeX 2.9 64-bit) (preloaded format=pdflatex 2015.1.26)  31 MAY 2015 16:21
entering extended mode
**main.tex
(C:\Users\EmilSebastian\git\bachelor-repport\main.tex
LaTeX2e <2011/06/27>
Babel <v3.8m> and hyphenation patterns for english, afrikaans, ancientgreek, ar
abic, armenian, assamese, basque, bengali, bokmal, bulgarian, catalan, coptic, 
croatian, czech, danish, dutch, esperanto, estonian, farsi, finnish, french, ga
lician, german, german-x-2013-05-26, greek, gujarati, hindi, hungarian, iceland
ic, indonesian, interlingua, irish, italian, kannada, kurmanji, latin, latvian,
 lithuanian, malayalam, marathi, mongolian, mongolianlmc, monogreek, ngerman, n
german-x-2013-05-26, nynorsk, oriya, panjabi, pinyin, polish, portuguese, roman
ian, russian, sanskrit, serbian, slovak, slovenian, spanish, swedish, swissgerm
an, tamil, telugu, turkish, turkmen, ukenglish, ukrainian, uppersorbian, usengl
ishmax, welsh, loaded.
(D:\Latex1\tex\latex\base\report.cls
Document Class: report 2007/10/19 v1.4h Standard LaTeX document class
(D:\Latex1\tex\latex\base\size10.clo
File: size10.clo 2007/10/19 v1.4h Standard LaTeX file (size option)
)
\c@part=\count79
\c@chapter=\count80
\c@section=\count81
\c@subsection=\count82
\c@subsubsection=\count83
\c@paragraph=\count84
\c@subparagraph=\count85
\c@figure=\count86
\c@table=\count87
\abovecaptionskip=\skip41
\belowcaptionskip=\skip42
\bibindent=\dimen102
) (D:\Latex1\tex\latex\base\inputenc.sty
Package: inputenc 2008/03/30 v1.1d Input encoding file
\inpenc@prehook=\toks14
\inpenc@posthook=\toks15

(D:\Latex1\tex\latex\base\utf8.def
File: utf8.def 2008/04/05 v1.1m UTF-8 support for inputenc
Now handling font encoding OML ...
... no UTF-8 mapping file for font encoding OML
Now handling font encoding T1 ...
... processing UTF-8 mapping file for font encoding T1
 (D:\Latex1\tex\latex\base\t1enc.dfu
File: t1enc.dfu 2008/04/05 v1.1m UTF-8 support for inputenc
   defining Unicode char U+00A1 (decimal 161)
   defining Unicode char U+00A3 (decimal 163)
   defining Unicode char U+00AB (decimal 171)
   defining Unicode char U+00BB (decimal 187)
   defining Unicode char U+00BF (decimal 191)
   defining Unicode char U+00C0 (decimal 192)
   defining Unicode char U+00C1 (decimal 193)
   defining Unicode char U+00C2 (decimal 194)
   defining Unicode char U+00C3 (decimal 195)
   defining Unicode char U+00C4 (decimal 196)
   defining Unicode char U+00C5 (decimal 197)
   defining Unicode char U+00C6 (decimal 198)
   defining Unicode char U+00C7 (decimal 199)
   defining Unicode char U+00C8 (decimal 200)
   defining Unicode char U+00C9 (decimal 201)
   defining Unicode char U+00CA (decimal 202)
   defining Unicode char U+00CB (decimal 203)
   defining Unicode char U+00CC (decimal 204)
   defining Unicode char U+00CD (decimal 205)
   defining Unicode char U+00CE (decimal 206)
   defining Unicode char U+00CF (decimal 207)
   defining Unicode char U+00D0 (decimal 208)
   defining Unicode char U+00D1 (decimal 209)
   defining Unicode char U+00D2 (decimal 210)
   defining Unicode char U+00D3 (decimal 211)
   defining Unicode char U+00D4 (decimal 212)
   defining Unicode char U+00D5 (decimal 213)
   defining Unicode char U+00D6 (decimal 214)
   defining Unicode char U+00D8 (decimal 216)
   defining Unicode char U+00D9 (decimal 217)
   defining Unicode char U+00DA (decimal 218)
   defining Unicode char U+00DB (decimal 219)
   defining Unicode char U+00DC (decimal 220)
   defining Unicode char U+00DD (decimal 221)
   defining Unicode char U+00DE (decimal 222)
   defining Unicode char U+00DF (decimal 223)
   defining Unicode char U+00E0 (decimal 224)
   defining Unicode char U+00E1 (decimal 225)
   defining Unicode char U+00E2 (decimal 226)
   defining Unicode char U+00E3 (decimal 227)
   defining Unicode char U+00E4 (decimal 228)
   defining Unicode char U+00E5 (decimal 229)
   defining Unicode char U+00E6 (decimal 230)
   defining Unicode char U+00E7 (decimal 231)
   defining Unicode char U+00E8 (decimal 232)
   defining Unicode char U+00E9 (decimal 233)
   defining Unicode char U+00EA (decimal 234)
   defining Unicode char U+00EB (decimal 235)
   defining Unicode char U+00EC (decimal 236)
   defining Unicode char U+00ED (decimal 237)
   defining Unicode char U+00EE (decimal 238)
   defining Unicode char U+00EF (decimal 239)
   defining Unicode char U+00F0 (decimal 240)
   defining Unicode char U+00F1 (decimal 241)
   defining Unicode char U+00F2 (decimal 242)
   defining Unicode char U+00F3 (decimal 243)
   defining Unicode char U+00F4 (decimal 244)
   defining Unicode char U+00F5 (decimal 245)
   defining Unicode char U+00F6 (decimal 246)
   defining Unicode char U+00F8 (decimal 248)
   defining Unicode char U+00F9 (decimal 249)
   defining Unicode char U+00FA (decimal 250)
   defining Unicode char U+00FB (decimal 251)
   defining Unicode char U+00FC (decimal 252)
   defining Unicode char U+00FD (decimal 253)
   defining Unicode char U+00FE (decimal 254)
   defining Unicode char U+00FF (decimal 255)
   defining Unicode char U+0102 (decimal 258)
   defining Unicode char U+0103 (decimal 259)
   defining Unicode char U+0104 (decimal 260)
   defining Unicode char U+0105 (decimal 261)
   defining Unicode char U+0106 (decimal 262)
   defining Unicode char U+0107 (decimal 263)
   defining Unicode char U+010C (decimal 268)
   defining Unicode char U+010D (decimal 269)
   defining Unicode char U+010E (decimal 270)
   defining Unicode char U+010F (decimal 271)
   defining Unicode char U+0110 (decimal 272)
   defining Unicode char U+0111 (decimal 273)
   defining Unicode char U+0118 (decimal 280)
   defining Unicode char U+0119 (decimal 281)
   defining Unicode char U+011A (decimal 282)
   defining Unicode char U+011B (decimal 283)
   defining Unicode char U+011E (decimal 286)
   defining Unicode char U+011F (decimal 287)
   defining Unicode char U+0130 (decimal 304)
   defining Unicode char U+0131 (decimal 305)
   defining Unicode char U+0132 (decimal 306)
   defining Unicode char U+0133 (decimal 307)
   defining Unicode char U+0139 (decimal 313)
   defining Unicode char U+013A (decimal 314)
   defining Unicode char U+013D (decimal 317)
   defining Unicode char U+013E (decimal 318)
   defining Unicode char U+0141 (decimal 321)
   defining Unicode char U+0142 (decimal 322)
   defining Unicode char U+0143 (decimal 323)
   defining Unicode char U+0144 (decimal 324)
   defining Unicode char U+0147 (decimal 327)
   defining Unicode char U+0148 (decimal 328)
   defining Unicode char U+014A (decimal 330)
   defining Unicode char U+014B (decimal 331)
   defining Unicode char U+0150 (decimal 336)
   defining Unicode char U+0151 (decimal 337)
   defining Unicode char U+0152 (decimal 338)
   defining Unicode char U+0153 (decimal 339)
   defining Unicode char U+0154 (decimal 340)
   defining Unicode char U+0155 (decimal 341)
   defining Unicode char U+0158 (decimal 344)
   defining Unicode char U+0159 (decimal 345)
   defining Unicode char U+015A (decimal 346)
   defining Unicode char U+015B (decimal 347)
   defining Unicode char U+015E (decimal 350)
   defining Unicode char U+015F (decimal 351)
   defining Unicode char U+0160 (decimal 352)
   defining Unicode char U+0161 (decimal 353)
   defining Unicode char U+0162 (decimal 354)
   defining Unicode char U+0163 (decimal 355)
   defining Unicode char U+0164 (decimal 356)
   defining Unicode char U+0165 (decimal 357)
   defining Unicode char U+016E (decimal 366)
   defining Unicode char U+016F (decimal 367)
   defining Unicode char U+0170 (decimal 368)
   defining Unicode char U+0171 (decimal 369)
   defining Unicode char U+0178 (decimal 376)
   defining Unicode char U+0179 (decimal 377)
   defining Unicode char U+017A (decimal 378)
   defining Unicode char U+017B (decimal 379)
   defining Unicode char U+017C (decimal 380)
   defining Unicode char U+017D (decimal 381)
   defining Unicode char U+017E (decimal 382)
   defining Unicode char U+200C (decimal 8204)
   defining Unicode char U+2013 (decimal 8211)
   defining Unicode char U+2014 (decimal 8212)
   defining Unicode char U+2018 (decimal 8216)
   defining Unicode char U+2019 (decimal 8217)
   defining Unicode char U+201A (decimal 8218)
   defining Unicode char U+201C (decimal 8220)
   defining Unicode char U+201D (decimal 8221)
   defining Unicode char U+201E (decimal 8222)
   defining Unicode char U+2030 (decimal 8240)
   defining Unicode char U+2031 (decimal 8241)
   defining Unicode char U+2039 (decimal 8249)
   defining Unicode char U+203A (decimal 8250)
   defining Unicode char U+2423 (decimal 9251)
)
Now handling font encoding OT1 ...
... processing UTF-8 mapping file for font encoding OT1

(D:\Latex1\tex\latex\base\ot1enc.dfu
File: ot1enc.dfu 2008/04/05 v1.1m UTF-8 support for inputenc
   defining Unicode char U+00A1 (decimal 161)
   defining Unicode char U+00A3 (decimal 163)
   defining Unicode char U+00B8 (decimal 184)
   defining Unicode char U+00BF (decimal 191)
   defining Unicode char U+00C5 (decimal 197)
   defining Unicode char U+00C6 (decimal 198)
   defining Unicode char U+00D8 (decimal 216)
   defining Unicode char U+00DF (decimal 223)
   defining Unicode char U+00E6 (decimal 230)
   defining Unicode char U+00EC (decimal 236)
   defining Unicode char U+00ED (decimal 237)
   defining Unicode char U+00EE (decimal 238)
   defining Unicode char U+00EF (decimal 239)
   defining Unicode char U+00F8 (decimal 248)
   defining Unicode char U+0131 (decimal 305)
   defining Unicode char U+0141 (decimal 321)
   defining Unicode char U+0142 (decimal 322)
   defining Unicode char U+0152 (decimal 338)
   defining Unicode char U+0153 (decimal 339)
   defining Unicode char U+2013 (decimal 8211)
   defining Unicode char U+2014 (decimal 8212)
   defining Unicode char U+2018 (decimal 8216)
   defining Unicode char U+2019 (decimal 8217)
   defining Unicode char U+201C (decimal 8220)
   defining Unicode char U+201D (decimal 8221)
)
Now handling font encoding OMS ...
... processing UTF-8 mapping file for font encoding OMS
 (D:\Latex1\tex\latex\base\omsenc.dfu
File: omsenc.dfu 2008/04/05 v1.1m UTF-8 support for inputenc
   defining Unicode char U+00A7 (decimal 167)
   defining Unicode char U+00B6 (decimal 182)
   defining Unicode char U+00B7 (decimal 183)
   defining Unicode char U+2020 (decimal 8224)
   defining Unicode char U+2021 (decimal 8225)
   defining Unicode char U+2022 (decimal 8226)
)
Now handling font encoding OMX ...
... no UTF-8 mapping file for font encoding OMX
Now handling font encoding U ...
... no UTF-8 mapping file for font encoding U
   defining Unicode char U+00A9 (decimal 169)
   defining Unicode char U+00AA (decimal 170)
   defining Unicode char U+00AE (decimal 174)
   defining Unicode char U+00BA (decimal 186)
   defining Unicode char U+02C6 (decimal 710)
   defining Unicode char U+02DC (decimal 732)
   defining Unicode char U+200C (decimal 8204)
   defining Unicode char U+2026 (decimal 8230)
   defining Unicode char U+2122 (decimal 8482)
   defining Unicode char U+2423 (decimal 9251)
))
(D:\Latex1\tex\latex\graphics\graphicx.sty
Package: graphicx 1999/02/16 v1.0f Enhanced LaTeX Graphics (DPC,SPQR)

(D:\Latex1\tex\latex\graphics\keyval.sty
Package: keyval 1999/03/16 v1.13 key=value parser (DPC)
\KV@toks@=\toks16
)
(D:\Latex1\tex\latex\graphics\graphics.sty
Package: graphics 2009/02/05 v1.0o Standard LaTeX Graphics (DPC,SPQR)

(D:\Latex1\tex\latex\graphics\trig.sty
Package: trig 1999/03/16 v1.09 sin cos tan (DPC)
)
(D:\Latex1\tex\latex\00miktex\graphics.cfg
File: graphics.cfg 2007/01/18 v1.5 graphics configuration of teTeX/TeXLive
)
Package graphics Info: Driver file: pdftex.def on input line 91.

(D:\Latex1\tex\latex\pdftex-def\pdftex.def
File: pdftex.def 2011/05/27 v0.06d Graphics/color for pdfTeX

(D:\Latex1\tex\generic\oberdiek\infwarerr.sty
Package: infwarerr 2010/04/08 v1.3 Providing info/warning/error messages (HO)
)
(D:\Latex1\tex\generic\oberdiek\ltxcmds.sty
Package: ltxcmds 2011/11/09 v1.22 LaTeX kernel commands for general use (HO)
)
\Gread@gobject=\count88
))
\Gin@req@height=\dimen103
\Gin@req@width=\dimen104
)

LaTeX Warning: Unused global option(s):
    [35pt].

(C:\Users\EmilSebastian\git\bachelor-repport\main.aux)
LaTeX Font Info:    Checking defaults for OML/cmm/m/it on input line 16.
LaTeX Font Info:    ... okay on input line 16.
LaTeX Font Info:    Checking defaults for T1/cmr/m/n on input line 16.
LaTeX Font Info:    ... okay on input line 16.
LaTeX Font Info:    Checking defaults for OT1/cmr/m/n on input line 16.
LaTeX Font Info:    ... okay on input line 16.
LaTeX Font Info:    Checking defaults for OMS/cmsy/m/n on input line 16.
LaTeX Font Info:    ... okay on input line 16.
LaTeX Font Info:    Checking defaults for OMX/cmex/m/n on input line 16.
LaTeX Font Info:    ... okay on input line 16.
LaTeX Font Info:    Checking defaults for U/cmr/m/n on input line 16.
LaTeX Font Info:    ... okay on input line 16.

(D:\Latex1\tex\context\base\supp-pdf.mkii
[Loading MPS to PDF converter (version 2006.09.02).]
\scratchcounter=\count89
\scratchdimen=\dimen105
\scratchbox=\box26
\nofMPsegments=\count90
\nofMParguments=\count91
\everyMPshowfont=\toks17
\MPscratchCnt=\count92
\MPscratchDim=\dimen106
\MPnumerator=\count93
\makeMPintoPDFobject=\count94
\everyMPtoPDFconversion=\toks18
) <images/frontpage.png, id=1, 329.23pt x 316.18124pt>
File: images/frontpage.png Graphic file (type png)

<use images/frontpage.png>
Package pdftex.def Info: images/frontpage.png used on input line 17.
(pdftex.def)             Requested size: 329.22919pt x 316.18047pt.
LaTeX Font Info:    External font `cmex10' loaded for size
(Font)              <12> on input line 17.
LaTeX Font Info:    External font `cmex10' loaded for size
(Font)              <8> on input line 17.
LaTeX Font Info:    External font `cmex10' loaded for size
(Font)              <6> on input line 17.
 [1

{C:/Users/EmilSebastian/AppData/Local/MiKTeX/2.9/pdftex/config/pdftex.map} <C:/
Users/EmilSebastian/git/bachelor-repport/images/frontpage.png>] [2]
(C:\Users\EmilSebastian\git\bachelor-repport\chapters/Abstract.tex)
Underfull \hbox (badness 10000) in paragraph at lines 5--21

 []

[1

] (C:\Users\EmilSebastian\git\bachelor-repport\chapters/Foreword.tex
LaTeX Font Info:    Try loading font information for OMS+cmr on input line 5.

(D:\Latex1\tex\latex\base\omscmr.fd
File: omscmr.fd 1999/05/25 v2.5h Standard LaTeX font definitions
)
LaTeX Font Info:    Font shape `OMS/cmr/m/n' in size <10> not available
(Font)              Font shape `OMS/cmsy/m/n' tried instead on input line 5.
) [2

]
(C:\Users\EmilSebastian\git\bachelor-repport\main.toc
LaTeX Font Info:    External font `cmex10' loaded for size
(Font)              <7> on input line 3.
LaTeX Font Info:    External font `cmex10' loaded for size
(Font)              <5> on input line 3.
 [3

])
\tf@toc=\write3
 [4]
(C:\Users\EmilSebastian\git\bachelor-repport\chapters/ReadingGuide.tex)
[5

]
Chapter 1.
(C:\Users\EmilSebastian\git\bachelor-repport\chapters/Introduction.tex
Underfull \hbox (badness 10000) in paragraph at lines 5--5
[][]\OT1/cmr/m/n/8 http://www.kebmin.dk/klima-energi-bygningspolitik/dansk-klim
a-energi-
 []

[6

]) [7]
Chapter 2.
(C:\Users\EmilSebastian\git\bachelor-repport\chapters/Background.tex [8

]
[9] [10]) [11]
Chapter 3.
(C:\Users\EmilSebastian\git\bachelor-repport\chapters/Requirements.tex [12

]
[13] [14]

LaTeX Warning: Command \textquoteright invalid in math mode on input line 29.

<images/usecases.jpg, id=65, 592.2125pt x 662.475pt>
File: images/usecases.jpg Graphic file (type jpg)
 <use images/usecases.jpg>
Package pdftex.def Info: images/usecases.jpg used on input line 33.
(pdftex.def)             Requested size: 177.66512pt x 198.74403pt.
) [15 <C:/Users/EmilSebastian/git/bachelor-repport/images/usecases.jpg>]
Chapter 4.
(C:\Users\EmilSebastian\git\bachelor-repport\chapters/RelatedWork.tex
Underfull \hbox (badness 10000) in paragraph at lines 4--9

 []

[16

] <images/cluster.png, id=73, 465.23813pt x 206.27063pt>
File: images/cluster.png Graphic file (type png)

<use images/cluster.png>
Package pdftex.def Info: images/cluster.png used on input line 16.
(pdftex.def)             Requested size: 348.92773pt x 154.70258pt.

Overfull \hbox (3.92773pt too wide) in paragraph at lines 16--17
[][] 
 []


Underfull \hbox (badness 10000) in paragraph at lines 14--21

 []

[17] [18 <C:/Users/EmilSebastian/git/bachelor-repport/images/cluster.png>]
Underfull \hbox (badness 10000) in paragraph at lines 27--29

 []


Underfull \hbox (badness 10000) in paragraph at lines 30--32

 []


Underfull \hbox (badness 10000) in paragraph at lines 33--37

 []

<images/outlier.png, id=83, 472.76625pt x 135.50626pt>
File: images/outlier.png Graphic file (type png)

<use images/outlier.png>
Package pdftex.def Info: images/outlier.png used on input line 40.
(pdftex.def)             Requested size: 354.5738pt x 101.62943pt.

Overfull \hbox (9.5738pt too wide) in paragraph at lines 40--41
[][] 
 []

) [19] [20 <C:/Users/EmilSebastian/git/bachelor-repport/images/outlier.png>]
Chapter 5.
(C:\Users\EmilSebastian\git\bachelor-repport\chapters/designAimplement.tex
<images/process.png, id=92, 434.37282pt x 232.61906pt>
File: images/process.png Graphic file (type png)

<use images/process.png>
Package pdftex.def Info: images/process.png used on input line 3.
(pdftex.def)             Requested size: 217.18587pt x 116.30923pt.

<images/DeploymentDiagramv3.png, id=93, 772.8875pt x 933.4875pt>
File: images/DeploymentDiagramv3.png Graphic file (type png)

<use images/DeploymentDiagramv3.png>
Package pdftex.def Info: images/DeploymentDiagramv3.png used on input line 11.
(pdftex.def)             Requested size: 309.14952pt x 373.38838pt.
 [21

 <C:/Users/EmilSebastian/git/bachelor-repport/images/process.png>] [22] [23 <C:
/Users/EmilSebastian/git/bachelor-repport/images/DeploymentDiagramv3.png (PNG c
opy)>] [24]
<images/Buildingsdbnew.jpg, id=108, 1455.4375pt x 833.1125pt>
File: images/Buildingsdbnew.jpg Graphic file (type jpg)

<use images/Buildingsdbnew.jpg>
Package pdftex.def Info: images/Buildingsdbnew.jpg used on input line 51.
(pdftex.def)             Requested size: 436.63463pt x 249.93568pt.

Overfull \hbox (91.63463pt too wide) in paragraph at lines 51--52
[][] 
 []

[25] [26 <C:/Users/EmilSebastian/git/bachelor-repport/images/Buildingsdbnew.jpg
>] <images/WebSitesidedb.png, id=115, 1465.475pt x 1134.2375pt>
File: images/WebSitesidedb.png Graphic file (type png)

<use images/WebSitesidedb.png>
Package pdftex.def Info: images/WebSitesidedb.png used on input line 64.
(pdftex.def)             Requested size: 439.64589pt x 340.27388pt.

Overfull \hbox (94.64589pt too wide) in paragraph at lines 64--65
[][] 
 []

[27] [28 <C:/Users/EmilSebastian/git/bachelor-repport/images/WebSitesidedb.png 
(PNG copy)>]
<images/illustrationofvector.png, id=122, 781.41937pt x 124.96687pt>
File: images/illustrationofvector.png Graphic file (type png)

<use images/illustrationofvector.png>
Package pdftex.def Info: images/illustrationofvector.png used on input line 83.

(pdftex.def)             Requested size: 390.70872pt x 62.48328pt.

Overfull \hbox (45.70872pt too wide) in paragraph at lines 83--84
[][] 
 []


Overfull \hbox (113.00644pt too wide) in paragraph at lines 89--110
 [] 
 []

[29] [30 <C:/Users/EmilSebastian/git/bachelor-repport/images/illustrationofvect
or.png>] [31] [32]
<images/buildingsimmilarity.png, id=138, 619.56468pt x 142.28156pt>
File: images/buildingsimmilarity.png Graphic file (type png)

<use images/buildingsimmilarity.png>
Package pdftex.def Info: images/buildingsimmilarity.png used on input line 144.

(pdftex.def)             Requested size: 309.78157pt x 71.1406pt.
 [33 <C:/Users/EmilSebastian/git/bachelor-repport/images/buildingsimmilarity.pn
g>]
<images/normalDist.PNG, id=143, 385.44pt x 176.15813pt>
File: images/normalDist.PNG Graphic file (type png)

<use images/normalDist.PNG>
Package pdftex.def Info: images/normalDist.PNG used on input line 164.
(pdftex.def)             Requested size: 192.71953pt x 88.07884pt.
 [34 <C:/Users/EmilSebastian/git/bachelor-repport/images/normalDist.PNG>]
<images/histogramnormaldists.png, id=149, 454.69875pt x 429.605pt>
File: images/histogramnormaldists.png Graphic file (type png)

<use images/histogramnormaldists.png>
Package pdftex.def Info: images/histogramnormaldists.png used on input line 183
.
(pdftex.def)             Requested size: 181.87627pt x 171.83894pt.
 [35 <C:/Users/EmilSebastian/git/bachelor-repport/images/histogramnormaldists.p
ng>] [36]
<images/FlowDiabramWebSite.jpg, id=158, 341.275pt x 371.3875pt>
File: images/FlowDiabramWebSite.jpg Graphic file (type jpg)

<use images/FlowDiabramWebSite.jpg>
Package pdftex.def Info: images/FlowDiabramWebSite.jpg used on input line 210.
(pdftex.def)             Requested size: 102.38329pt x 111.4171pt.
 [37]
<images/W_template_eksample.jpg, id=162, 682.55pt x 321.2pt>
File: images/W_template_eksample.jpg Graphic file (type jpg)

<use images/W_template_eksample.jpg>
Package pdftex.def Info: images/W_template_eksample.jpg used on input line 223.

(pdftex.def)             Requested size: 204.76657pt x 96.36073pt.
 [38 <C:/Users/EmilSebastian/git/bachelor-repport/images/FlowDiabramWebSite.jpg
> <C:/Users/EmilSebastian/git/bachelor-repport/images/W_template_eksample.jpg>]

<images/codesnippet.png, id=166, 409.53pt x 100.87688pt>
File: images/codesnippet.png Graphic file (type png)

<use images/codesnippet.png>
Package pdftex.def Info: images/codesnippet.png used on input line 235.
(pdftex.def)             Requested size: 348.10214pt x 85.74573pt.

Overfull \hbox (3.10214pt too wide) in paragraph at lines 235--236
 [] 
 []


Underfull \hbox (badness 10000) in paragraph at lines 232--244

 []

) [39 <C:/Users/EmilSebastian/git/bachelor-repport/images/codesnippet.png>]
Chapter 6.
[40

]
Chapter 7.
(C:\Users\EmilSebastian\git\bachelor-repport\literature.tex [41

]) [42

]
Appendix A.
(C:\Users\EmilSebastian\git\bachelor-repport\chapters/appendix01.tex) [43

]
Appendix B.
(C:\Users\EmilSebastian\git\bachelor-repport\chapters/appendix01.tex) [44

]
(C:\Users\EmilSebastian\git\bachelor-repport\main.aux) ) 
Here is how much of TeX's memory you used:
 1504 strings out of 493921
 20464 string characters out of 3154476
 77131 words of memory out of 3000000
 4765 multiletter control sequences out of 15000+200000
 9146 words of font info for 32 fonts, out of 3000000 for 9000
 841 hyphenation exceptions out of 8191
 27i,9n,19p,1641b,261s stack positions out of 5000i,500n,10000p,200000b,50000s
<D:/Latex1/fonts/type1/
public/amsfonts/cm/cmbx10.pfb><D:/Latex1/fonts/type1/public/amsfonts/cm/cmbx12.
pfb><D:/Latex1/fonts/type1/public/amsfonts/cm/cmex10.pfb><D:/Latex1/fonts/type1
/public/amsfonts/cm/cmmi10.pfb><D:/Latex1/fonts/type1/public/amsfonts/cm/cmmi5.
pfb><D:/Latex1/fonts/type1/public/amsfonts/cm/cmmi7.pfb><D:/Latex1/fonts/type1/
public/amsfonts/cm/cmr10.pfb><D:/Latex1/fonts/type1/public/amsfonts/cm/cmr12.pf
b><D:/Latex1/fonts/type1/public/amsfonts/cm/cmr17.pfb><D:/Latex1/fonts/type1/pu
blic/amsfonts/cm/cmr5.pfb><D:/Latex1/fonts/type1/public/amsfonts/cm/cmr6.pfb><D
:/Latex1/fonts/type1/public/amsfonts/cm/cmr7.pfb><D:/Latex1/fonts/type1/public/
amsfonts/cm/cmr8.pfb><D:/Latex1/fonts/type1/public/amsfonts/cm/cmsy10.pfb><D:/L
atex1/fonts/type1/public/amsfonts/cm/cmsy7.pfb><D:/Latex1/fonts/type1/public/am
sfonts/cm/cmti10.pfb>
Output written on main.pdf (46 pages, 1031774 bytes).
PDF statistics:
 239 PDF objects out of 1000 (max. 8388607)
 0 named destinations out of 1000 (max. 500000)
 76 words of extra memory for PDF output out of 10000 (max. 10000000)

